<?xml version="1.0" encoding="UTF-8"?>
<!-- Generated by org.testng.reporters.JUnitReportReporter -->
<testsuite hostname="L30077WIN" name="com.testcase.TestAssertCodeMapper" tests="4" failures="0" timestamp="19 Jan 2018 03:19:41 GMT" time="1.117" errors="0">
  <testcase name="testIsoCode" time="0.009" classname="com.testcase.TestAssertCodeMapper"/>
  <testcase name="testNumericCode" time="0.094" classname="com.testcase.TestAssertCodeMapper"/>
  <testcase name="testTimeout" time="1.013" classname="com.testcase.TestAssertCodeMapper"/>
  <testcase name="testMinorUnit" time="0.001" classname="com.testcase.TestAssertCodeMapper"/>
</testsuite> <!-- com.testcase.TestAssertCodeMapper -->
