<?xml version="1.0" encoding="UTF-8"?>
<!-- Generated by org.testng.reporters.JUnitReportReporter -->
<testsuite hostname="WRATHR1W7" name="com.testcase.FirstTestCase" tests="3" failures="0" timestamp="5 Jan 2015 05:57:51 GMT" time="10.328" errors="0">
  <testcase name="testCaseA" time="10.202" classname="com.testcase.FirstTestCase"/>
  <testcase name="testCasegetDataTwo" time="0.001" classname="com.testcase.FirstTestCase"/>
  <testcase name="testCasegetData" time="0.125" classname="com.testcase.FirstTestCase"/>
</testsuite> <!-- com.testcase.FirstTestCase -->
