<?xml version="1.0" encoding="UTF-8"?>
<!-- Generated by org.testng.reporters.JUnitReportReporter -->
<testsuite hostname="L30077WIN" name="com.testcase.FirstTestCase" tests="3" failures="0" timestamp="19 Jan 2018 03:18:09 GMT" time="10.402" errors="0">
  <testcase name="testCaseA" time="10.250" classname="com.testcase.FirstTestCase"/>
  <testcase name="testCasegetDataTwo" time="0.002" classname="com.testcase.FirstTestCase"/>
  <testcase name="testCasegetData" time="0.150" classname="com.testcase.FirstTestCase"/>
</testsuite> <!-- com.testcase.FirstTestCase -->
