<?xml version="1.0" encoding="UTF-8"?>
<!-- Generated by org.testng.reporters.JUnitReportReporter -->
<testsuite hostname="WRATHR1W7" name="com.database.ConnectToDatabase" tests="5" failures="0" timestamp="3 Jan 2015 09:41:22 GMT" time="0.264" errors="0">
  <testcase name="insertData" time="0.033" classname="com.database.ConnectToDatabase"/>
  <testcase name="createTable" time="0.089" classname="com.database.ConnectToDatabase"/>
  <testcase name="getData" time="0.004" classname="com.database.ConnectToDatabase"/>
  <testcase name="dropTable" time="0.095" classname="com.database.ConnectToDatabase"/>
  <testcase name="fetchData" time="0.043" classname="com.database.ConnectToDatabase"/>
</testsuite> <!-- com.database.ConnectToDatabase -->
