<?xml version="1.0" encoding="UTF-8"?>
<!-- Generated by org.testng.reporters.JUnitReportReporter -->
<testsuite hostname="WRATHR1W7" name="com.testcase.TestCustomeAssert" tests="1" failures="0" timestamp="28 Dec 2014 08:48:07 GMT" time="0.125" errors="0">
  <testcase name="testCaseIsoCode" time="0.125" classname="com.testcase.TestCustomeAssert"/>
</testsuite> <!-- com.testcase.TestCustomeAssert -->
