<?xml version="1.0" encoding="UTF-8"?>
<!-- Generated by org.testng.reporters.JUnitReportReporter -->
<testsuite hostname="L33986WUS" name="com.testngclasses.TestStaticMethod" tests="1" failures="0" timestamp="2 May 2020 02:01:37 GMT" time="0.000" errors="0">
  <testcase name="StaticMethodTest" time="0.000" classname="com.testngclasses.TestStaticMethod"/>
</testsuite> <!-- com.testngclasses.TestStaticMethod -->
