<?xml version="1.0" encoding="UTF-8"?>
<!-- Generated by org.testng.reporters.JUnitReportReporter -->
<testsuite hostname="WRATHR1W7" name="com.testcase.TestEnabled" tests="4" failures="0" timestamp="5 Jan 2015 05:58:46 GMT" time="0.628" errors="0">
  <testcase name="testCaseNumCode" time="0.000" classname="com.testcase.TestEnabled"/>
  <testcase name="dependsMethod" time="0.009" classname="com.testcase.TestEnabled"/>
  <testcase name="testTimeout" time="0.517" classname="com.testcase.TestEnabled"/>
  <testcase name="testCaseIsoCode" time="0.102" classname="com.testcase.TestEnabled"/>
</testsuite> <!-- com.testcase.TestEnabled -->
