<?xml version="1.0" encoding="UTF-8"?>
<!-- Generated by org.testng.reporters.JUnitReportReporter -->
<testsuite hostname="WRATHR1W7" name="com.testcase.TestBeforeAfter" tests="2" failures="0" timestamp="5 Jan 2015 05:58:20 GMT" time="0.006" errors="0">
  <testcase name="testCaseOne" time="0.005" classname="com.testcase.TestBeforeAfter"/>
  <testcase name="testCaseTwo" time="0.001" classname="com.testcase.TestBeforeAfter"/>
</testsuite> <!-- com.testcase.TestBeforeAfter -->
