<?xml version="1.0" encoding="UTF-8"?>
<!-- Generated by org.testng.reporters.JUnitReportReporter -->
<testsuite hostname="L33986WUS" name="com.testngclasses.TestPublicMethod" tests="1" failures="0" timestamp="2 May 2020 02:01:37 GMT" time="0.006" errors="0">
  <testcase name="anotherPublicMethodTest" time="0.006" classname="com.testngclasses.TestPublicMethod"/>
</testsuite> <!-- com.testngclasses.TestPublicMethod -->
