<?xml version="1.0" encoding="UTF-8"?>
<!-- Generated by org.testng.reporters.JUnitReportReporter -->
<testsuite hostname="WRATHR1W7" name="com.testcase.TestCSV" tests="24" failures="0" timestamp="5 Jan 2015 05:58:25 GMT" time="0.123" errors="0">
  <testcase name="testCaseCsvIso" time="0.000" classname="com.testcase.TestCSV"/>
  <testcase name="testCaseCsvIso" time="0.000" classname="com.testcase.TestCSV"/>
  <testcase name="testCaseCsvNum" time="0.001" classname="com.testcase.TestCSV"/>
  <testcase name="testCaseCsvIso" time="0.001" classname="com.testcase.TestCSV"/>
  <testcase name="testCaseCsvNum" time="0.001" classname="com.testcase.TestCSV"/>
  <testcase name="testCaseCsvNum" time="0.002" classname="com.testcase.TestCSV"/>
  <testcase name="testCaseCsvIso" time="0.001" classname="com.testcase.TestCSV"/>
  <testcase name="testCaseCsvNum" time="0.000" classname="com.testcase.TestCSV"/>
  <testcase name="testCaseCsvNum" time="0.000" classname="com.testcase.TestCSV"/>
  <testcase name="testCaseCsvNum" time="0.000" classname="com.testcase.TestCSV"/>
  <testcase name="testCaseCsvNum" time="0.000" classname="com.testcase.TestCSV"/>
  <testcase name="testCaseCsvNum" time="0.000" classname="com.testcase.TestCSV"/>
  <testcase name="testCaseCsvIso" time="0.000" classname="com.testcase.TestCSV"/>
  <testcase name="testCaseCsvIso" time="0.000" classname="com.testcase.TestCSV"/>
  <testcase name="testCaseCsvIso" time="0.000" classname="com.testcase.TestCSV"/>
  <testcase name="testCaseCsvNum" time="0.001" classname="com.testcase.TestCSV"/>
  <testcase name="testCaseCsvIso" time="0.001" classname="com.testcase.TestCSV"/>
  <testcase name="testCaseCsvNum" time="0.000" classname="com.testcase.TestCSV"/>
  <testcase name="testCaseCsvNum" time="0.001" classname="com.testcase.TestCSV"/>
  <testcase name="testCaseCsvIso" time="0.001" classname="com.testcase.TestCSV"/>
  <testcase name="testCaseCsvIso" time="0.001" classname="com.testcase.TestCSV"/>
  <testcase name="testCaseCsvNum" time="0.000" classname="com.testcase.TestCSV"/>
  <testcase name="testCaseCsvIso" time="0.111" classname="com.testcase.TestCSV"/>
  <testcase name="testCaseCsvIso" time="0.001" classname="com.testcase.TestCSV"/>
</testsuite> <!-- com.testcase.TestCSV -->
