<?xml version="1.0" encoding="UTF-8"?>
<!-- Generated by org.testng.reporters.JUnitReportReporter -->
<testsuite hostname="WRATHR1W7" name="com.database.LoadTest" tests="1" failures="0" timestamp="3 Jan 2015 09:58:51 GMT" time="0.004" errors="0">
  <testcase name="insertData" time="0.004" classname="com.database.LoadTest"/>
</testsuite> <!-- com.database.LoadTest -->
