<?xml version="1.0" encoding="UTF-8"?>
<!-- Generated by org.testng.reporters.JUnitReportReporter -->
<testsuite hostname="L33986WUS" name="com.testcase.TestBeforeAfter" tests="2" failures="0" timestamp="18 Feb 2019 18:03:13 GMT" time="0.008" errors="0">
  <testcase name="testCaseOne" time="0.006" classname="com.testcase.TestBeforeAfter"/>
  <testcase name="testCaseTwo" time="0.002" classname="com.testcase.TestBeforeAfter"/>
</testsuite> <!-- com.testcase.TestBeforeAfter -->
