<?xml version="1.0" encoding="UTF-8"?>
<!-- Generated by org.testng.reporters.JUnitReportReporter -->
<testsuite hostname="WRATHR1W7" name="com.testcase.TestGroups" tests="5" failures="0" timestamp="5 Jan 2015 05:58:57 GMT" time="0.113" errors="0">
  <testcase name="testCase" time="0.001" classname="com.testcase.TestGroups"/>
  <testcase name="testCaseCLF" time="0.001" classname="com.testcase.TestGroups"/>
  <testcase name="testCase956" time="0.001" classname="com.testcase.TestGroups"/>
  <testcase name="testCase728" time="0.109" classname="com.testcase.TestGroups"/>
  <testcase name="testCaseKWD" time="0.001" classname="com.testcase.TestGroups"/>
</testsuite> <!-- com.testcase.TestGroups -->
