<?xml version="1.0" encoding="UTF-8"?>
<!-- Generated by org.testng.reporters.JUnitReportReporter -->
<testsuite hostname="WRATHR1W7" name="com.testcase.TestPriority" tests="4" failures="0" timestamp="5 Jan 2015 05:59:17 GMT" time="8.679" errors="0">
  <testcase name="testCaseLogin" time="0.204" classname="com.testcase.TestPriority"/>
  <testcase name="testCaseNavigateTwo" time="0.847" classname="com.testcase.TestPriority"/>
  <testcase name="testCaseNavigate" time="1.241" classname="com.testcase.TestPriority"/>
  <testcase name="testCaseMakeDriver" time="6.387" classname="com.testcase.TestPriority"/>
</testsuite> <!-- com.testcase.TestPriority -->
